<?xml version="1.0" encoding="UTF-8"?>
<!-- Generated by org.testng.reporters.JUnitReportReporter -->
<testsuite hostname="Taruns-MacBook-Air.local" failures="0" tests="1" name="TestRunner.TestNGRunner" time="28.934" errors="0" timestamp="2025-02-09T17:52:35 IST" skipped="0">
  <testcase classname="TestRunner.TestNGRunner" name="runScenario" time="28.934"/>
  <system-out/>
</testsuite> <!-- TestRunner.TestNGRunner -->
