<?xml version="1.0" encoding="UTF-8"?>
<!-- Generated by org.testng.reporters.JUnitReportReporter -->
<testsuite hostname="Taruns-MacBook-Air.local" failures="0" tests="1" name="TestRunner.TestNGRunner" time="54.605" errors="0" timestamp="2025-02-10T16:02:33 IST" skipped="0">
  <testcase classname="TestRunner.TestNGRunner" name="runScenario" time="54.605"/>
  <system-out/>
</testsuite> <!-- TestRunner.TestNGRunner -->
