<?xml version="1.0" encoding="UTF-8"?>
<!-- Generated by org.testng.reporters.JUnitReportReporter -->
<testsuite hostname="Taruns-MacBook-Air.local" failures="0" tests="1" name="TestRunner.TestNGRunner" time="20.562" errors="0" timestamp="2025-03-02T09:53:17 IST" skipped="0">
  <testcase classname="TestRunner.TestNGRunner" name="runScenario" time="20.562"/>
  <system-out/>
</testsuite> <!-- TestRunner.TestNGRunner -->
